2023-03-30 18:31:25,053 INFO    StreamThr :12749 [internal.py:wandb_internal():87] W&B internal server running at pid: 12749, started at: 2023-03-30 18:31:25.053439
2023-03-30 18:31:25,054 DEBUG   HandlerThread:12749 [handler.py:handle_request():144] handle_request: status
2023-03-30 18:31:25,056 INFO    WriterThread:12749 [datastore.py:open_for_write():85] open: /home/dim/mdpi_robotics/LibMTL/wandb/run-20230330_183125-0l1tlydt/run-0l1tlydt.wandb
2023-03-30 18:31:25,057 DEBUG   SenderThread:12749 [sender.py:send():336] send: header
2023-03-30 18:31:25,065 DEBUG   SenderThread:12749 [sender.py:send():336] send: run
2023-03-30 18:31:25,522 INFO    SenderThread:12749 [dir_watcher.py:__init__():219] watching files in: /home/dim/mdpi_robotics/LibMTL/wandb/run-20230330_183125-0l1tlydt/files
2023-03-30 18:31:25,523 INFO    SenderThread:12749 [sender.py:_start_run_threads():1078] run started: 0l1tlydt with start time 1680193885.053781
2023-03-30 18:31:25,523 DEBUG   SenderThread:12749 [sender.py:send_request():363] send_request: summary_record
2023-03-30 18:31:25,523 INFO    SenderThread:12749 [sender.py:_save_file():1332] saving file wandb-summary.json with policy end
2023-03-30 18:31:25,526 DEBUG   HandlerThread:12749 [handler.py:handle_request():144] handle_request: check_version
2023-03-30 18:31:25,526 DEBUG   SenderThread:12749 [sender.py:send_request():363] send_request: check_version
2023-03-30 18:31:25,635 DEBUG   HandlerThread:12749 [handler.py:handle_request():144] handle_request: run_start
2023-03-30 18:31:25,636 DEBUG   HandlerThread:12749 [system_info.py:__init__():31] System info init
2023-03-30 18:31:25,637 DEBUG   HandlerThread:12749 [system_info.py:__init__():46] System info init done
2023-03-30 18:31:25,637 INFO    HandlerThread:12749 [system_monitor.py:start():183] Starting system monitor
2023-03-30 18:31:25,637 INFO    SystemMonitor:12749 [system_monitor.py:_start():147] Starting system asset monitoring threads
2023-03-30 18:31:25,637 INFO    HandlerThread:12749 [system_monitor.py:probe():204] Collecting system info
2023-03-30 18:31:25,637 INFO    SystemMonitor:12749 [interfaces.py:start():187] Started cpu monitoring
2023-03-30 18:31:25,637 INFO    SystemMonitor:12749 [interfaces.py:start():187] Started disk monitoring
2023-03-30 18:31:25,638 INFO    SystemMonitor:12749 [interfaces.py:start():187] Started gpu monitoring
2023-03-30 18:31:25,638 INFO    SystemMonitor:12749 [interfaces.py:start():187] Started memory monitoring
2023-03-30 18:31:25,638 INFO    SystemMonitor:12749 [interfaces.py:start():187] Started network monitoring
2023-03-30 18:31:25,647 ERROR   gpu       :12749 [interfaces.py:monitor():141] Failed to sample metric: Not Supported
2023-03-30 18:31:25,661 DEBUG   HandlerThread:12749 [system_info.py:probe():195] Probing system
2023-03-30 18:31:25,663 DEBUG   HandlerThread:12749 [system_info.py:_probe_git():180] Probing git
2023-03-30 18:31:25,669 DEBUG   HandlerThread:12749 [system_info.py:_probe_git():188] Probing git done
2023-03-30 18:31:25,669 DEBUG   HandlerThread:12749 [system_info.py:probe():240] Probing system done
2023-03-30 18:31:25,669 DEBUG   HandlerThread:12749 [system_monitor.py:probe():213] {'os': 'Linux-5.4.0-146-generic-x86_64-with-glibc2.17', 'python': '3.8.16', 'heartbeatAt': '2023-03-30T16:31:25.661534', 'startedAt': '2023-03-30T16:31:25.047708', 'docker': None, 'cuda': None, 'args': ('--weighting', 'EW', '--arch', 'HPS', '--dataset_path', 'dataset/warehouseSIM', '--gpu_id', '0', '--scheduler', 'step'), 'state': 'running', 'program': 'examples/warehouseSIM/train_warehouseSIM.py', 'codePath': 'examples/warehouseSIM/train_warehouseSIM.py', 'git': {'remote': 'https://github.com/dimarapis/LibMTL.git', 'commit': '40cf8af4eeade7645dd5d7de21c9de87a0c1f0c6'}, 'email': 'dimarapis@hotmail.com', 'root': '/home/dim/mdpi_robotics/LibMTL', 'host': 'dim-dtu', 'username': 'dim', 'executable': '/home/dim/anaconda3/envs/libmtl/bin/python', 'cpu_count': 8, 'cpu_count_logical': 16, 'cpu_freq': {'current': 4257.315875, 'min': 800.0, 'max': 5300.0}, 'cpu_freq_per_core': [{'current': 3973.256, 'min': 800.0, 'max': 5300.0}, {'current': 3624.663, 'min': 800.0, 'max': 5300.0}, {'current': 4149.615, 'min': 800.0, 'max': 5300.0}, {'current': 4008.248, 'min': 800.0, 'max': 5300.0}, {'current': 4423.198, 'min': 800.0, 'max': 5300.0}, {'current': 4299.696, 'min': 800.0, 'max': 5300.0}, {'current': 4482.912, 'min': 800.0, 'max': 5300.0}, {'current': 4501.668, 'min': 800.0, 'max': 5300.0}, {'current': 4567.282, 'min': 800.0, 'max': 5300.0}, {'current': 4260.726, 'min': 800.0, 'max': 5300.0}, {'current': 3914.258, 'min': 800.0, 'max': 5300.0}, {'current': 4508.165, 'min': 800.0, 'max': 5300.0}, {'current': 4494.217, 'min': 800.0, 'max': 5300.0}, {'current': 4414.05, 'min': 800.0, 'max': 5300.0}, {'current': 4389.93, 'min': 800.0, 'max': 5300.0}, {'current': 4105.17, 'min': 800.0, 'max': 5300.0}], 'disk': {'total': 857.1477890014648, 'used': 804.3748245239258}, 'gpu': 'NVIDIA GeForce RTX 2070 Super with Max-Q Design', 'gpu_count': 1, 'gpu_devices': [{'name': 'NVIDIA GeForce RTX 2070 Super with Max-Q Design', 'memory_total': 8370061312}], 'memory': {'total': 31.174640655517578}}
2023-03-30 18:31:25,669 INFO    HandlerThread:12749 [system_monitor.py:probe():214] Finished collecting system info
2023-03-30 18:31:25,669 INFO    HandlerThread:12749 [system_monitor.py:probe():217] Publishing system info
2023-03-30 18:31:25,669 DEBUG   HandlerThread:12749 [system_info.py:_save_pip():51] Saving list of pip packages installed into the current environment
2023-03-30 18:31:25,670 DEBUG   HandlerThread:12749 [system_info.py:_save_pip():67] Saving pip packages done
2023-03-30 18:31:25,670 DEBUG   HandlerThread:12749 [system_info.py:_save_conda():74] Saving list of conda packages installed into the current environment
2023-03-30 18:31:26,524 INFO    Thread-13 :12749 [dir_watcher.py:_on_file_created():278] file/dir created: /home/dim/mdpi_robotics/LibMTL/wandb/run-20230330_183125-0l1tlydt/files/wandb-summary.json
2023-03-30 18:31:26,524 INFO    Thread-13 :12749 [dir_watcher.py:_on_file_created():278] file/dir created: /home/dim/mdpi_robotics/LibMTL/wandb/run-20230330_183125-0l1tlydt/files/conda-environment.yaml
2023-03-30 18:31:26,524 INFO    Thread-13 :12749 [dir_watcher.py:_on_file_created():278] file/dir created: /home/dim/mdpi_robotics/LibMTL/wandb/run-20230330_183125-0l1tlydt/files/requirements.txt
2023-03-30 18:31:26,816 DEBUG   HandlerThread:12749 [system_info.py:_save_conda():86] Saving conda packages done
2023-03-30 18:31:26,816 INFO    HandlerThread:12749 [system_monitor.py:probe():219] Finished publishing system info
2023-03-30 18:31:26,817 DEBUG   SenderThread:12749 [sender.py:send():336] send: files
2023-03-30 18:31:26,817 INFO    SenderThread:12749 [sender.py:_save_file():1332] saving file wandb-metadata.json with policy now
2023-03-30 18:31:26,821 DEBUG   HandlerThread:12749 [handler.py:handle_request():144] handle_request: stop_status
2023-03-30 18:31:26,822 DEBUG   SenderThread:12749 [sender.py:send_request():363] send_request: stop_status
2023-03-30 18:31:27,015 DEBUG   SenderThread:12749 [sender.py:send():336] send: telemetry
2023-03-30 18:31:27,523 INFO    Thread-13 :12749 [dir_watcher.py:_on_file_modified():295] file/dir modified: /home/dim/mdpi_robotics/LibMTL/wandb/run-20230330_183125-0l1tlydt/files/conda-environment.yaml
2023-03-30 18:31:27,523 INFO    Thread-13 :12749 [dir_watcher.py:_on_file_created():278] file/dir created: /home/dim/mdpi_robotics/LibMTL/wandb/run-20230330_183125-0l1tlydt/files/wandb-metadata.json
2023-03-30 18:31:27,604 INFO    wandb-upload_0:12749 [upload_job.py:push():138] Uploaded file /tmp/tmputq5xpaywandb/k5rrrsnw-wandb-metadata.json
2023-03-30 18:31:27,649 ERROR   gpu       :12749 [interfaces.py:monitor():141] Failed to sample metric: Not Supported
2023-03-30 18:31:29,651 ERROR   gpu       :12749 [interfaces.py:monitor():141] Failed to sample metric: Not Supported
2023-03-30 18:31:31,016 DEBUG   HandlerThread:12749 [handler.py:handle_request():144] handle_request: status_report
2023-03-30 18:31:31,524 INFO    Thread-13 :12749 [dir_watcher.py:_on_file_created():278] file/dir created: /home/dim/mdpi_robotics/LibMTL/wandb/run-20230330_183125-0l1tlydt/files/output.log
2023-03-30 18:31:31,653 ERROR   gpu       :12749 [interfaces.py:monitor():141] Failed to sample metric: Not Supported
2023-03-30 18:31:33,524 INFO    Thread-13 :12749 [dir_watcher.py:_on_file_modified():295] file/dir modified: /home/dim/mdpi_robotics/LibMTL/wandb/run-20230330_183125-0l1tlydt/files/output.log
2023-03-30 18:31:33,655 ERROR   gpu       :12749 [interfaces.py:monitor():141] Failed to sample metric: Not Supported
2023-03-30 18:31:35,525 INFO    Thread-13 :12749 [dir_watcher.py:_on_file_modified():295] file/dir modified: /home/dim/mdpi_robotics/LibMTL/wandb/run-20230330_183125-0l1tlydt/files/output.log
2023-03-30 18:31:35,657 ERROR   gpu       :12749 [interfaces.py:monitor():141] Failed to sample metric: Not Supported
2023-03-30 18:31:36,222 DEBUG   HandlerThread:12749 [handler.py:handle_request():144] handle_request: status_report
2023-03-30 18:31:37,659 ERROR   gpu       :12749 [interfaces.py:monitor():141] Failed to sample metric: Not Supported
2023-03-30 18:31:39,664 ERROR   gpu       :12749 [interfaces.py:monitor():141] Failed to sample metric: Not Supported
2023-03-30 18:31:41,222 DEBUG   HandlerThread:12749 [handler.py:handle_request():144] handle_request: status_report
2023-03-30 18:31:41,669 ERROR   gpu       :12749 [interfaces.py:monitor():141] Failed to sample metric: Not Supported
2023-03-30 18:31:41,821 DEBUG   HandlerThread:12749 [handler.py:handle_request():144] handle_request: stop_status
2023-03-30 18:31:41,821 DEBUG   SenderThread:12749 [sender.py:send_request():363] send_request: stop_status
2023-03-30 18:31:43,674 ERROR   gpu       :12749 [interfaces.py:monitor():141] Failed to sample metric: Not Supported
2023-03-30 18:31:45,374 INFO    SenderThread:12749 [retry.py:__call__():172] Retry attempt failed:
Traceback (most recent call last):
  File "/home/dim/anaconda3/envs/libmtl/lib/python3.8/site-packages/urllib3/connection.py", line 174, in _new_conn
    conn = connection.create_connection(
  File "/home/dim/anaconda3/envs/libmtl/lib/python3.8/site-packages/urllib3/util/connection.py", line 72, in create_connection
    for res in socket.getaddrinfo(host, port, family, socket.SOCK_STREAM):
  File "/home/dim/anaconda3/envs/libmtl/lib/python3.8/socket.py", line 918, in getaddrinfo
    for res in _socket.getaddrinfo(host, port, family, type, proto, flags):
socket.gaierror: [Errno -3] Temporary failure in name resolution

During handling of the above exception, another exception occurred:

Traceback (most recent call last):
  File "/home/dim/anaconda3/envs/libmtl/lib/python3.8/site-packages/urllib3/connectionpool.py", line 703, in urlopen
    httplib_response = self._make_request(
  File "/home/dim/anaconda3/envs/libmtl/lib/python3.8/site-packages/urllib3/connectionpool.py", line 386, in _make_request
    self._validate_conn(conn)
  File "/home/dim/anaconda3/envs/libmtl/lib/python3.8/site-packages/urllib3/connectionpool.py", line 1042, in _validate_conn
    conn.connect()
  File "/home/dim/anaconda3/envs/libmtl/lib/python3.8/site-packages/urllib3/connection.py", line 363, in connect
    self.sock = conn = self._new_conn()
  File "/home/dim/anaconda3/envs/libmtl/lib/python3.8/site-packages/urllib3/connection.py", line 186, in _new_conn
    raise NewConnectionError(
urllib3.exceptions.NewConnectionError: <urllib3.connection.HTTPSConnection object at 0x7fb61c000040>: Failed to establish a new connection: [Errno -3] Temporary failure in name resolution

During handling of the above exception, another exception occurred:

Traceback (most recent call last):
  File "/home/dim/.local/lib/python3.8/site-packages/requests/adapters.py", line 489, in send
    resp = conn.urlopen(
  File "/home/dim/anaconda3/envs/libmtl/lib/python3.8/site-packages/urllib3/connectionpool.py", line 787, in urlopen
    retries = retries.increment(
  File "/home/dim/anaconda3/envs/libmtl/lib/python3.8/site-packages/urllib3/util/retry.py", line 592, in increment
    raise MaxRetryError(_pool, url, error or ResponseError(cause))
urllib3.exceptions.MaxRetryError: HTTPSConnectionPool(host='api.wandb.ai', port=443): Max retries exceeded with url: /graphql (Caused by NewConnectionError('<urllib3.connection.HTTPSConnection object at 0x7fb61c000040>: Failed to establish a new connection: [Errno -3] Temporary failure in name resolution'))

During handling of the above exception, another exception occurred:

Traceback (most recent call last):
  File "/home/dim/anaconda3/envs/libmtl/lib/python3.8/site-packages/wandb/sdk/lib/retry.py", line 131, in __call__
    result = self._call_fn(*args, **kwargs)
  File "/home/dim/anaconda3/envs/libmtl/lib/python3.8/site-packages/wandb/sdk/internal/internal_api.py", line 243, in execute
    return self.client.execute(*args, **kwargs)  # type: ignore
  File "/home/dim/anaconda3/envs/libmtl/lib/python3.8/site-packages/wandb/vendor/gql-0.2.0/wandb_gql/client.py", line 52, in execute
    result = self._get_result(document, *args, **kwargs)
  File "/home/dim/anaconda3/envs/libmtl/lib/python3.8/site-packages/wandb/vendor/gql-0.2.0/wandb_gql/client.py", line 60, in _get_result
    return self.transport.execute(document, *args, **kwargs)
  File "/home/dim/anaconda3/envs/libmtl/lib/python3.8/site-packages/wandb/vendor/gql-0.2.0/wandb_gql/transport/requests.py", line 38, in execute
    request = requests.post(self.url, **post_args)
  File "/home/dim/.local/lib/python3.8/site-packages/requests/api.py", line 115, in post
    return request("post", url, data=data, json=json, **kwargs)
  File "/home/dim/.local/lib/python3.8/site-packages/requests/api.py", line 59, in request
    return session.request(method=method, url=url, **kwargs)
  File "/home/dim/.local/lib/python3.8/site-packages/requests/sessions.py", line 587, in request
    resp = self.send(prep, **send_kwargs)
  File "/home/dim/.local/lib/python3.8/site-packages/requests/sessions.py", line 701, in send
    r = adapter.send(request, **kwargs)
  File "/home/dim/.local/lib/python3.8/site-packages/requests/adapters.py", line 565, in send
    raise ConnectionError(e, request=request)
requests.exceptions.ConnectionError: HTTPSConnectionPool(host='api.wandb.ai', port=443): Max retries exceeded with url: /graphql (Caused by NewConnectionError('<urllib3.connection.HTTPSConnection object at 0x7fb61c000040>: Failed to establish a new connection: [Errno -3] Temporary failure in name resolution'))
2023-03-30 18:31:45,679 ERROR   gpu       :12749 [interfaces.py:monitor():141] Failed to sample metric: Not Supported
2023-03-30 18:31:46,821 DEBUG   HandlerThread:12749 [handler.py:handle_request():144] handle_request: keepalive
2023-03-30 18:31:47,681 ERROR   gpu       :12749 [interfaces.py:monitor():141] Failed to sample metric: Not Supported
2023-03-30 18:31:49,683 ERROR   gpu       :12749 [interfaces.py:monitor():141] Failed to sample metric: Not Supported
2023-03-30 18:31:51,688 ERROR   gpu       :12749 [interfaces.py:monitor():141] Failed to sample metric: Not Supported
2023-03-30 18:31:51,822 DEBUG   HandlerThread:12749 [handler.py:handle_request():144] handle_request: keepalive
2023-03-30 18:31:53,690 ERROR   gpu       :12749 [interfaces.py:monitor():141] Failed to sample metric: Not Supported
2023-03-30 18:31:55,729 ERROR   gpu       :12749 [interfaces.py:monitor():141] Failed to sample metric: Not Supported
2023-03-30 18:31:56,822 DEBUG   HandlerThread:12749 [handler.py:handle_request():144] handle_request: keepalive
2023-03-30 18:31:57,731 ERROR   gpu       :12749 [interfaces.py:monitor():141] Failed to sample metric: Not Supported
2023-03-30 18:31:59,734 ERROR   gpu       :12749 [interfaces.py:monitor():141] Failed to sample metric: Not Supported
2023-03-30 18:32:01,736 ERROR   gpu       :12749 [interfaces.py:monitor():141] Failed to sample metric: Not Supported
2023-03-30 18:32:01,823 DEBUG   HandlerThread:12749 [handler.py:handle_request():144] handle_request: keepalive
2023-03-30 18:32:03,739 ERROR   gpu       :12749 [interfaces.py:monitor():141] Failed to sample metric: Not Supported
2023-03-30 18:32:05,741 ERROR   gpu       :12749 [interfaces.py:monitor():141] Failed to sample metric: Not Supported
2023-03-30 18:32:06,824 DEBUG   HandlerThread:12749 [handler.py:handle_request():144] handle_request: keepalive
2023-03-30 18:32:07,743 ERROR   gpu       :12749 [interfaces.py:monitor():141] Failed to sample metric: Not Supported
2023-03-30 18:32:07,874 DEBUG   HandlerThread:12749 [handler.py:handle_request():144] handle_request: poll_exit
2023-03-30 18:32:09,746 ERROR   gpu       :12749 [interfaces.py:monitor():141] Failed to sample metric: Not Supported
2023-03-30 18:32:11,750 ERROR   gpu       :12749 [interfaces.py:monitor():141] Failed to sample metric: Not Supported
2023-03-30 18:32:12,875 DEBUG   HandlerThread:12749 [handler.py:handle_request():144] handle_request: keepalive
2023-03-30 18:32:13,752 ERROR   gpu       :12749 [interfaces.py:monitor():141] Failed to sample metric: Not Supported
2023-03-30 18:32:15,756 ERROR   gpu       :12749 [interfaces.py:monitor():141] Failed to sample metric: Not Supported
2023-03-30 18:32:17,758 ERROR   gpu       :12749 [interfaces.py:monitor():141] Failed to sample metric: Not Supported
2023-03-30 18:32:17,876 DEBUG   HandlerThread:12749 [handler.py:handle_request():144] handle_request: keepalive
2023-03-30 18:32:19,761 ERROR   gpu       :12749 [interfaces.py:monitor():141] Failed to sample metric: Not Supported
2023-03-30 18:32:21,765 ERROR   gpu       :12749 [interfaces.py:monitor():141] Failed to sample metric: Not Supported
2023-03-30 18:32:22,878 DEBUG   HandlerThread:12749 [handler.py:handle_request():144] handle_request: keepalive
2023-03-30 18:32:23,779 ERROR   gpu       :12749 [interfaces.py:monitor():141] Failed to sample metric: Not Supported
2023-03-30 18:32:25,639 DEBUG   SystemMonitor:12749 [system_monitor.py:_start():161] Starting system metrics aggregation loop
2023-03-30 18:32:25,857 ERROR   gpu       :12749 [interfaces.py:monitor():141] Failed to sample metric: Not Supported
2023-03-30 18:32:27,861 ERROR   gpu       :12749 [interfaces.py:monitor():141] Failed to sample metric: Not Supported
2023-03-30 18:32:27,880 DEBUG   HandlerThread:12749 [handler.py:handle_request():144] handle_request: keepalive
2023-03-30 18:32:29,868 ERROR   gpu       :12749 [interfaces.py:monitor():141] Failed to sample metric: Not Supported
2023-03-30 18:32:31,871 ERROR   gpu       :12749 [interfaces.py:monitor():141] Failed to sample metric: Not Supported
2023-03-30 18:32:32,882 DEBUG   HandlerThread:12749 [handler.py:handle_request():144] handle_request: keepalive
2023-03-30 18:32:33,881 ERROR   gpu       :12749 [interfaces.py:monitor():141] Failed to sample metric: Not Supported
2023-03-30 18:32:35,886 ERROR   gpu       :12749 [interfaces.py:monitor():141] Failed to sample metric: Not Supported
2023-03-30 18:32:37,885 DEBUG   HandlerThread:12749 [handler.py:handle_request():144] handle_request: keepalive
2023-03-30 18:32:37,890 ERROR   gpu       :12749 [interfaces.py:monitor():141] Failed to sample metric: Not Supported
2023-03-30 18:32:39,899 ERROR   gpu       :12749 [interfaces.py:monitor():141] Failed to sample metric: Not Supported
2023-03-30 18:32:41,905 ERROR   gpu       :12749 [interfaces.py:monitor():141] Failed to sample metric: Not Supported
2023-03-30 18:32:42,887 DEBUG   HandlerThread:12749 [handler.py:handle_request():144] handle_request: keepalive
2023-03-30 18:32:43,910 ERROR   gpu       :12749 [interfaces.py:monitor():141] Failed to sample metric: Not Supported
2023-03-30 18:32:45,914 ERROR   gpu       :12749 [interfaces.py:monitor():141] Failed to sample metric: Not Supported
2023-03-30 18:32:47,889 DEBUG   HandlerThread:12749 [handler.py:handle_request():144] handle_request: keepalive
2023-03-30 18:32:47,920 ERROR   gpu       :12749 [interfaces.py:monitor():141] Failed to sample metric: Not Supported
2023-03-30 18:32:49,923 ERROR   gpu       :12749 [interfaces.py:monitor():141] Failed to sample metric: Not Supported
2023-03-30 18:32:50,159 DEBUG   HandlerThread:12749 [handler.py:handle_request():144] handle_request: status_report
2023-03-30 18:32:50,410 DEBUG   SenderThread:12749 [sender.py:send():336] send: exit
2023-03-30 18:32:50,410 INFO    SenderThread:12749 [sender.py:send_exit():559] handling exit code: 255
2023-03-30 18:32:50,411 INFO    SenderThread:12749 [sender.py:send_exit():561] handling runtime: 41
2023-03-30 18:32:50,412 INFO    SenderThread:12749 [sender.py:_save_file():1332] saving file wandb-summary.json with policy end
2023-03-30 18:32:50,412 INFO    SenderThread:12749 [sender.py:send_exit():567] send defer
2023-03-30 18:32:50,413 DEBUG   SenderThread:12749 [sender.py:send_request():363] send_request: poll_exit
2023-03-30 18:32:50,413 DEBUG   SenderThread:12749 [sender.py:send():336] send: stats
2023-03-30 18:32:50,414 DEBUG   HandlerThread:12749 [handler.py:handle_request():144] handle_request: defer
2023-03-30 18:32:50,414 INFO    HandlerThread:12749 [handler.py:handle_request_defer():170] handle defer: 0
2023-03-30 18:32:50,415 DEBUG   SenderThread:12749 [sender.py:send_request():363] send_request: defer
2023-03-30 18:32:50,416 INFO    SenderThread:12749 [sender.py:send_request_defer():583] handle sender defer: 0
2023-03-30 18:32:50,416 INFO    SenderThread:12749 [sender.py:transition_state():587] send defer: 1
2023-03-30 18:32:50,416 DEBUG   HandlerThread:12749 [handler.py:handle_request():144] handle_request: defer
2023-03-30 18:32:50,416 INFO    HandlerThread:12749 [handler.py:handle_request_defer():170] handle defer: 1
2023-03-30 18:32:50,417 DEBUG   SenderThread:12749 [sender.py:send_request():363] send_request: defer
2023-03-30 18:32:50,417 INFO    SenderThread:12749 [sender.py:send_request_defer():583] handle sender defer: 1
2023-03-30 18:32:50,418 INFO    SenderThread:12749 [sender.py:transition_state():587] send defer: 2
2023-03-30 18:32:50,418 DEBUG   HandlerThread:12749 [handler.py:handle_request():144] handle_request: defer
2023-03-30 18:32:50,418 INFO    HandlerThread:12749 [handler.py:handle_request_defer():170] handle defer: 2
2023-03-30 18:32:50,418 INFO    HandlerThread:12749 [system_monitor.py:finish():193] Stopping system monitor
2023-03-30 18:32:50,420 DEBUG   SystemMonitor:12749 [system_monitor.py:_start():168] Finished system metrics aggregation loop
2023-03-30 18:32:50,421 DEBUG   SystemMonitor:12749 [system_monitor.py:_start():172] Publishing last batch of metrics
2023-03-30 18:32:50,423 INFO    HandlerThread:12749 [interfaces.py:finish():199] Joined cpu monitor
2023-03-30 18:32:50,424 INFO    HandlerThread:12749 [interfaces.py:finish():199] Joined disk monitor
2023-03-30 18:32:50,490 INFO    HandlerThread:12749 [interfaces.py:finish():199] Joined gpu monitor
2023-03-30 18:32:50,490 INFO    HandlerThread:12749 [interfaces.py:finish():199] Joined memory monitor
2023-03-30 18:32:50,490 INFO    HandlerThread:12749 [interfaces.py:finish():199] Joined network monitor
2023-03-30 18:32:50,490 DEBUG   SenderThread:12749 [sender.py:send_request():363] send_request: defer
2023-03-30 18:32:50,490 INFO    SenderThread:12749 [sender.py:send_request_defer():583] handle sender defer: 2
2023-03-30 18:32:50,490 INFO    SenderThread:12749 [sender.py:transition_state():587] send defer: 3
2023-03-30 18:32:50,490 DEBUG   HandlerThread:12749 [handler.py:handle_request():144] handle_request: defer
2023-03-30 18:32:50,490 INFO    HandlerThread:12749 [handler.py:handle_request_defer():170] handle defer: 3
2023-03-30 18:32:50,491 DEBUG   SenderThread:12749 [sender.py:send():336] send: stats
2023-03-30 18:32:50,491 DEBUG   SenderThread:12749 [sender.py:send_request():363] send_request: defer
2023-03-30 18:32:50,491 INFO    SenderThread:12749 [sender.py:send_request_defer():583] handle sender defer: 3
2023-03-30 18:32:50,491 INFO    SenderThread:12749 [sender.py:transition_state():587] send defer: 4
2023-03-30 18:32:50,491 DEBUG   HandlerThread:12749 [handler.py:handle_request():144] handle_request: defer
2023-03-30 18:32:50,491 INFO    HandlerThread:12749 [handler.py:handle_request_defer():170] handle defer: 4
2023-03-30 18:32:50,491 DEBUG   SenderThread:12749 [sender.py:send_request():363] send_request: defer
2023-03-30 18:32:50,491 INFO    SenderThread:12749 [sender.py:send_request_defer():583] handle sender defer: 4
2023-03-30 18:32:50,491 INFO    SenderThread:12749 [sender.py:transition_state():587] send defer: 5
2023-03-30 18:32:50,491 DEBUG   HandlerThread:12749 [handler.py:handle_request():144] handle_request: defer
2023-03-30 18:32:50,491 INFO    HandlerThread:12749 [handler.py:handle_request_defer():170] handle defer: 5
2023-03-30 18:32:50,491 DEBUG   SenderThread:12749 [sender.py:send():336] send: summary
2023-03-30 18:32:50,492 INFO    SenderThread:12749 [sender.py:_save_file():1332] saving file wandb-summary.json with policy end
2023-03-30 18:32:50,492 DEBUG   SenderThread:12749 [sender.py:send_request():363] send_request: defer
2023-03-30 18:32:50,492 INFO    SenderThread:12749 [sender.py:send_request_defer():583] handle sender defer: 5
2023-03-30 18:32:50,492 INFO    SenderThread:12749 [sender.py:transition_state():587] send defer: 6
2023-03-30 18:32:50,492 DEBUG   HandlerThread:12749 [handler.py:handle_request():144] handle_request: defer
2023-03-30 18:32:50,492 INFO    HandlerThread:12749 [handler.py:handle_request_defer():170] handle defer: 6
2023-03-30 18:32:50,492 DEBUG   SenderThread:12749 [sender.py:send_request():363] send_request: defer
2023-03-30 18:32:50,492 INFO    SenderThread:12749 [sender.py:send_request_defer():583] handle sender defer: 6
2023-03-30 18:32:50,492 INFO    SenderThread:12749 [sender.py:transition_state():587] send defer: 7
2023-03-30 18:32:50,492 DEBUG   HandlerThread:12749 [handler.py:handle_request():144] handle_request: status_report
2023-03-30 18:32:50,492 DEBUG   HandlerThread:12749 [handler.py:handle_request():144] handle_request: defer
2023-03-30 18:32:50,492 INFO    HandlerThread:12749 [handler.py:handle_request_defer():170] handle defer: 7
2023-03-30 18:32:50,492 DEBUG   SenderThread:12749 [sender.py:send_request():363] send_request: defer
2023-03-30 18:32:50,492 INFO    SenderThread:12749 [sender.py:send_request_defer():583] handle sender defer: 7
2023-03-30 18:32:50,557 INFO    Thread-13 :12749 [dir_watcher.py:_on_file_modified():295] file/dir modified: /home/dim/mdpi_robotics/LibMTL/wandb/run-20230330_183125-0l1tlydt/files/wandb-summary.json
2023-03-30 18:32:50,558 INFO    Thread-13 :12749 [dir_watcher.py:_on_file_modified():295] file/dir modified: /home/dim/mdpi_robotics/LibMTL/wandb/run-20230330_183125-0l1tlydt/files/config.yaml
2023-03-30 18:32:51,510 INFO    SenderThread:12749 [sender.py:transition_state():587] send defer: 8
2023-03-30 18:32:51,510 DEBUG   HandlerThread:12749 [handler.py:handle_request():144] handle_request: defer
2023-03-30 18:32:51,510 INFO    HandlerThread:12749 [handler.py:handle_request_defer():170] handle defer: 8
2023-03-30 18:32:51,510 DEBUG   SenderThread:12749 [sender.py:send_request():363] send_request: defer
2023-03-30 18:32:51,511 INFO    SenderThread:12749 [sender.py:send_request_defer():583] handle sender defer: 8
2023-03-30 18:32:51,528 INFO    SenderThread:12749 [sender.py:transition_state():587] send defer: 9
2023-03-30 18:32:51,529 DEBUG   HandlerThread:12749 [handler.py:handle_request():144] handle_request: defer
2023-03-30 18:32:51,529 INFO    HandlerThread:12749 [handler.py:handle_request_defer():170] handle defer: 9
2023-03-30 18:32:51,529 DEBUG   SenderThread:12749 [sender.py:send():336] send: artifact
2023-03-30 18:32:51,558 INFO    Thread-13 :12749 [dir_watcher.py:_on_file_modified():295] file/dir modified: /home/dim/mdpi_robotics/LibMTL/wandb/run-20230330_183125-0l1tlydt/files/output.log
2023-03-30 18:32:52,890 DEBUG   HandlerThread:12749 [handler.py:handle_request():144] handle_request: keepalive
2023-03-30 18:32:52,917 INFO    SenderThread:12749 [sender.py:send_artifact():1428] sent artifact job-https___github.com_dimarapis_LibMTL.git_examples_warehouseSIM_train_warehouseSIM.py - {'id': 'QXJ0aWZhY3Q6NDEwMDI1ODE3', 'digest': '7c267089cb28289640d1d07b64d98079', 'state': 'COMMITTED', 'aliases': [{'artifactCollectionName': 'job-https___github.com_dimarapis_LibMTL.git_examples_warehouseSIM_train_warehouseSIM.py', 'alias': 'latest'}, {'artifactCollectionName': 'job-https___github.com_dimarapis_LibMTL.git_examples_warehouseSIM_train_warehouseSIM.py', 'alias': 'v1'}], 'artifactSequence': {'id': 'QXJ0aWZhY3RDb2xsZWN0aW9uOjU5NTMwMTgz', 'latestArtifact': {'id': 'QXJ0aWZhY3Q6NDEwMTA3MTk3', 'versionIndex': 3}}, 'version': 'v1'}
2023-03-30 18:32:52,917 DEBUG   SenderThread:12749 [sender.py:send_request():363] send_request: defer
2023-03-30 18:32:52,917 INFO    SenderThread:12749 [sender.py:send_request_defer():583] handle sender defer: 9
2023-03-30 18:32:52,917 INFO    SenderThread:12749 [dir_watcher.py:finish():365] shutting down directory watcher
2023-03-30 18:32:53,560 INFO    SenderThread:12749 [dir_watcher.py:finish():395] scan: /home/dim/mdpi_robotics/LibMTL/wandb/run-20230330_183125-0l1tlydt/files
2023-03-30 18:32:53,561 INFO    SenderThread:12749 [dir_watcher.py:finish():409] scan save: /home/dim/mdpi_robotics/LibMTL/wandb/run-20230330_183125-0l1tlydt/files/wandb-metadata.json wandb-metadata.json
2023-03-30 18:32:53,561 INFO    SenderThread:12749 [dir_watcher.py:finish():409] scan save: /home/dim/mdpi_robotics/LibMTL/wandb/run-20230330_183125-0l1tlydt/files/config.yaml config.yaml
2023-03-30 18:32:53,561 INFO    SenderThread:12749 [dir_watcher.py:finish():409] scan save: /home/dim/mdpi_robotics/LibMTL/wandb/run-20230330_183125-0l1tlydt/files/conda-environment.yaml conda-environment.yaml
2023-03-30 18:32:53,562 INFO    SenderThread:12749 [dir_watcher.py:finish():409] scan save: /home/dim/mdpi_robotics/LibMTL/wandb/run-20230330_183125-0l1tlydt/files/wandb-summary.json wandb-summary.json
2023-03-30 18:32:53,562 INFO    SenderThread:12749 [dir_watcher.py:finish():409] scan save: /home/dim/mdpi_robotics/LibMTL/wandb/run-20230330_183125-0l1tlydt/files/requirements.txt requirements.txt
2023-03-30 18:32:53,563 INFO    SenderThread:12749 [dir_watcher.py:finish():409] scan save: /home/dim/mdpi_robotics/LibMTL/wandb/run-20230330_183125-0l1tlydt/files/output.log output.log
2023-03-30 18:32:53,582 INFO    SenderThread:12749 [sender.py:transition_state():587] send defer: 10
2023-03-30 18:32:53,582 DEBUG   HandlerThread:12749 [handler.py:handle_request():144] handle_request: defer
2023-03-30 18:32:53,585 INFO    HandlerThread:12749 [handler.py:handle_request_defer():170] handle defer: 10
2023-03-30 18:32:53,586 DEBUG   SenderThread:12749 [sender.py:send_request():363] send_request: defer
2023-03-30 18:32:53,586 INFO    SenderThread:12749 [sender.py:send_request_defer():583] handle sender defer: 10
2023-03-30 18:32:53,586 INFO    SenderThread:12749 [file_pusher.py:finish():164] shutting down file pusher
2023-03-30 18:32:54,143 INFO    wandb-upload_1:12749 [upload_job.py:push():138] Uploaded file /home/dim/mdpi_robotics/LibMTL/wandb/run-20230330_183125-0l1tlydt/files/config.yaml
2023-03-30 18:32:54,169 INFO    wandb-upload_0:12749 [upload_job.py:push():138] Uploaded file /home/dim/mdpi_robotics/LibMTL/wandb/run-20230330_183125-0l1tlydt/files/conda-environment.yaml
2023-03-30 18:32:54,170 INFO    wandb-upload_4:12749 [upload_job.py:push():138] Uploaded file /home/dim/mdpi_robotics/LibMTL/wandb/run-20230330_183125-0l1tlydt/files/output.log
2023-03-30 18:32:54,173 INFO    wandb-upload_2:12749 [upload_job.py:push():138] Uploaded file /home/dim/mdpi_robotics/LibMTL/wandb/run-20230330_183125-0l1tlydt/files/wandb-summary.json
2023-03-30 18:32:54,187 INFO    wandb-upload_3:12749 [upload_job.py:push():138] Uploaded file /home/dim/mdpi_robotics/LibMTL/wandb/run-20230330_183125-0l1tlydt/files/requirements.txt
2023-03-30 18:32:54,388 INFO    Thread-12 :12749 [sender.py:transition_state():587] send defer: 11
2023-03-30 18:32:54,388 DEBUG   HandlerThread:12749 [handler.py:handle_request():144] handle_request: defer
2023-03-30 18:32:54,388 INFO    HandlerThread:12749 [handler.py:handle_request_defer():170] handle defer: 11
2023-03-30 18:32:54,389 DEBUG   SenderThread:12749 [sender.py:send_request():363] send_request: defer
2023-03-30 18:32:54,389 INFO    SenderThread:12749 [sender.py:send_request_defer():583] handle sender defer: 11
2023-03-30 18:32:54,390 INFO    SenderThread:12749 [file_pusher.py:join():169] waiting for file pusher
2023-03-30 18:32:54,390 INFO    SenderThread:12749 [sender.py:transition_state():587] send defer: 12
2023-03-30 18:32:54,390 DEBUG   HandlerThread:12749 [handler.py:handle_request():144] handle_request: defer
2023-03-30 18:32:54,390 INFO    HandlerThread:12749 [handler.py:handle_request_defer():170] handle defer: 12
2023-03-30 18:32:54,391 DEBUG   SenderThread:12749 [sender.py:send_request():363] send_request: defer
2023-03-30 18:32:54,392 INFO    SenderThread:12749 [sender.py:send_request_defer():583] handle sender defer: 12
2023-03-30 18:32:57,893 DEBUG   HandlerThread:12749 [handler.py:handle_request():144] handle_request: keepalive
2023-03-30 18:33:00,390 INFO    SenderThread:12749 [sender.py:transition_state():587] send defer: 13
2023-03-30 18:33:00,391 DEBUG   HandlerThread:12749 [handler.py:handle_request():144] handle_request: defer
2023-03-30 18:33:00,391 INFO    HandlerThread:12749 [handler.py:handle_request_defer():170] handle defer: 13
2023-03-30 18:33:00,392 DEBUG   HandlerThread:12749 [handler.py:handle_request():144] handle_request: status_report
2023-03-30 18:33:00,393 DEBUG   SenderThread:12749 [sender.py:send_request():363] send_request: defer
2023-03-30 18:33:00,393 INFO    SenderThread:12749 [sender.py:send_request_defer():583] handle sender defer: 13
2023-03-30 18:33:00,393 INFO    SenderThread:12749 [sender.py:transition_state():587] send defer: 14
2023-03-30 18:33:00,394 DEBUG   HandlerThread:12749 [handler.py:handle_request():144] handle_request: defer
2023-03-30 18:33:00,394 INFO    HandlerThread:12749 [handler.py:handle_request_defer():170] handle defer: 14
2023-03-30 18:33:00,395 DEBUG   SenderThread:12749 [sender.py:send():336] send: final
2023-03-30 18:33:00,395 DEBUG   SenderThread:12749 [sender.py:send():336] send: footer
2023-03-30 18:33:00,396 DEBUG   SenderThread:12749 [sender.py:send_request():363] send_request: defer
2023-03-30 18:33:00,396 INFO    SenderThread:12749 [sender.py:send_request_defer():583] handle sender defer: 14
2023-03-30 18:33:00,398 DEBUG   HandlerThread:12749 [handler.py:handle_request():144] handle_request: poll_exit
2023-03-30 18:33:00,399 DEBUG   SenderThread:12749 [sender.py:send_request():363] send_request: poll_exit
2023-03-30 18:33:00,400 DEBUG   HandlerThread:12749 [handler.py:handle_request():144] handle_request: server_info
2023-03-30 18:33:00,401 DEBUG   HandlerThread:12749 [handler.py:handle_request():144] handle_request: get_summary
2023-03-30 18:33:00,401 DEBUG   HandlerThread:12749 [handler.py:handle_request():144] handle_request: sampled_history
2023-03-30 18:33:00,402 DEBUG   SenderThread:12749 [sender.py:send_request():363] send_request: server_info
2023-03-30 18:33:00,701 INFO    MainThread:12749 [wandb_run.py:_footer_history_summary_info():3422] rendering history
2023-03-30 18:33:00,701 INFO    MainThread:12749 [wandb_run.py:_footer_history_summary_info():3454] rendering summary
2023-03-30 18:33:00,701 INFO    MainThread:12749 [wandb_run.py:_footer_sync_info():3380] logging synced files
2023-03-30 18:33:00,701 DEBUG   HandlerThread:12749 [handler.py:handle_request():144] handle_request: shutdown
2023-03-30 18:33:00,701 INFO    HandlerThread:12749 [handler.py:finish():842] shutting down handler
2023-03-30 18:33:01,401 INFO    WriterThread:12749 [datastore.py:close():298] close: /home/dim/mdpi_robotics/LibMTL/wandb/run-20230330_183125-0l1tlydt/run-0l1tlydt.wandb
2023-03-30 18:33:01,701 INFO    SenderThread:12749 [sender.py:finish():1504] shutting down sender
2023-03-30 18:33:01,701 INFO    SenderThread:12749 [file_pusher.py:finish():164] shutting down file pusher
2023-03-30 18:33:01,702 INFO    SenderThread:12749 [file_pusher.py:join():169] waiting for file pusher
