2023-03-30 18:56:55,908 INFO    StreamThr :15610 [internal.py:wandb_internal():87] W&B internal server running at pid: 15610, started at: 2023-03-30 18:56:55.907218
2023-03-30 18:56:55,911 DEBUG   HandlerThread:15610 [handler.py:handle_request():144] handle_request: status
2023-03-30 18:56:55,917 INFO    WriterThread:15610 [datastore.py:open_for_write():85] open: /home/dim/mdpi_robotics/LibMTL/wandb/run-20230330_185655-9ujusk1c/run-9ujusk1c.wandb
2023-03-30 18:56:55,918 DEBUG   SenderThread:15610 [sender.py:send():336] send: header
2023-03-30 18:56:55,930 DEBUG   SenderThread:15610 [sender.py:send():336] send: run
2023-03-30 18:56:56,415 INFO    SenderThread:15610 [dir_watcher.py:__init__():219] watching files in: /home/dim/mdpi_robotics/LibMTL/wandb/run-20230330_185655-9ujusk1c/files
2023-03-30 18:56:56,415 INFO    SenderThread:15610 [sender.py:_start_run_threads():1078] run started: 9ujusk1c with start time 1680195415.910936
2023-03-30 18:56:56,416 DEBUG   SenderThread:15610 [sender.py:send_request():363] send_request: summary_record
2023-03-30 18:56:56,416 INFO    SenderThread:15610 [sender.py:_save_file():1332] saving file wandb-summary.json with policy end
2023-03-30 18:56:56,423 DEBUG   HandlerThread:15610 [handler.py:handle_request():144] handle_request: check_version
2023-03-30 18:56:56,424 DEBUG   SenderThread:15610 [sender.py:send_request():363] send_request: check_version
2023-03-30 18:56:56,615 DEBUG   HandlerThread:15610 [handler.py:handle_request():144] handle_request: run_start
2023-03-30 18:56:56,624 DEBUG   HandlerThread:15610 [system_info.py:__init__():31] System info init
2023-03-30 18:56:56,624 DEBUG   HandlerThread:15610 [system_info.py:__init__():46] System info init done
2023-03-30 18:56:56,624 INFO    HandlerThread:15610 [system_monitor.py:start():183] Starting system monitor
2023-03-30 18:56:56,625 INFO    SystemMonitor:15610 [system_monitor.py:_start():147] Starting system asset monitoring threads
2023-03-30 18:56:56,626 INFO    HandlerThread:15610 [system_monitor.py:probe():204] Collecting system info
2023-03-30 18:56:56,627 INFO    SystemMonitor:15610 [interfaces.py:start():187] Started cpu monitoring
2023-03-30 18:56:56,629 INFO    SystemMonitor:15610 [interfaces.py:start():187] Started disk monitoring
2023-03-30 18:56:56,632 INFO    SystemMonitor:15610 [interfaces.py:start():187] Started gpu monitoring
2023-03-30 18:56:56,634 INFO    SystemMonitor:15610 [interfaces.py:start():187] Started memory monitoring
2023-03-30 18:56:56,634 INFO    SystemMonitor:15610 [interfaces.py:start():187] Started network monitoring
2023-03-30 18:56:56,639 ERROR   gpu       :15610 [interfaces.py:monitor():141] Failed to sample metric: Not Supported
2023-03-30 18:56:56,670 DEBUG   HandlerThread:15610 [system_info.py:probe():195] Probing system
2023-03-30 18:56:56,680 DEBUG   HandlerThread:15610 [system_info.py:_probe_git():180] Probing git
2023-03-30 18:56:56,701 DEBUG   HandlerThread:15610 [system_info.py:_probe_git():188] Probing git done
2023-03-30 18:56:56,701 DEBUG   HandlerThread:15610 [system_info.py:probe():240] Probing system done
2023-03-30 18:56:56,701 DEBUG   HandlerThread:15610 [system_monitor.py:probe():213] {'os': 'Linux-5.4.0-146-generic-x86_64-with-glibc2.17', 'python': '3.8.16', 'heartbeatAt': '2023-03-30T16:56:56.670636', 'startedAt': '2023-03-30T16:56:55.881421', 'docker': None, 'cuda': None, 'args': ('--weighting', 'EW', '--arch', 'HPS', '--dataset_path', 'dataset/warehouseSIM', '--gpu_id', '0', '--scheduler', 'step'), 'state': 'running', 'program': 'examples/warehouseSIM/train_warehouseSIM.py', 'codePath': 'examples/warehouseSIM/train_warehouseSIM.py', 'git': {'remote': 'https://github.com/dimarapis/LibMTL.git', 'commit': '40cf8af4eeade7645dd5d7de21c9de87a0c1f0c6'}, 'email': 'dimarapis@hotmail.com', 'root': '/home/dim/mdpi_robotics/LibMTL', 'host': 'dim-dtu', 'username': 'dim', 'executable': '/home/dim/anaconda3/envs/libmtl/bin/python', 'cpu_count': 8, 'cpu_count_logical': 16, 'cpu_freq': {'current': 1769.4704375000001, 'min': 800.0, 'max': 5300.0}, 'cpu_freq_per_core': [{'current': 800.05, 'min': 800.0, 'max': 5300.0}, {'current': 800.433, 'min': 800.0, 'max': 5300.0}, {'current': 800.096, 'min': 800.0, 'max': 5300.0}, {'current': 800.115, 'min': 800.0, 'max': 5300.0}, {'current': 800.011, 'min': 800.0, 'max': 5300.0}, {'current': 799.997, 'min': 800.0, 'max': 5300.0}, {'current': 800.019, 'min': 800.0, 'max': 5300.0}, {'current': 800.38, 'min': 800.0, 'max': 5300.0}, {'current': 800.152, 'min': 800.0, 'max': 5300.0}, {'current': 800.22, 'min': 800.0, 'max': 5300.0}, {'current': 800.019, 'min': 800.0, 'max': 5300.0}, {'current': 800.064, 'min': 800.0, 'max': 5300.0}, {'current': 800.129, 'min': 800.0, 'max': 5300.0}, {'current': 799.999, 'min': 800.0, 'max': 5300.0}, {'current': 800.041, 'min': 800.0, 'max': 5300.0}, {'current': 800.252, 'min': 800.0, 'max': 5300.0}], 'disk': {'total': 857.1477890014648, 'used': 804.4347801208496}, 'gpu': 'NVIDIA GeForce RTX 2070 Super with Max-Q Design', 'gpu_count': 1, 'gpu_devices': [{'name': 'NVIDIA GeForce RTX 2070 Super with Max-Q Design', 'memory_total': 8370061312}], 'memory': {'total': 31.174640655517578}}
2023-03-30 18:56:56,701 INFO    HandlerThread:15610 [system_monitor.py:probe():214] Finished collecting system info
2023-03-30 18:56:56,701 INFO    HandlerThread:15610 [system_monitor.py:probe():217] Publishing system info
2023-03-30 18:56:56,701 DEBUG   HandlerThread:15610 [system_info.py:_save_pip():51] Saving list of pip packages installed into the current environment
2023-03-30 18:56:56,702 DEBUG   HandlerThread:15610 [system_info.py:_save_pip():67] Saving pip packages done
2023-03-30 18:56:56,702 DEBUG   HandlerThread:15610 [system_info.py:_save_conda():74] Saving list of conda packages installed into the current environment
2023-03-30 18:56:57,416 INFO    Thread-13 :15610 [dir_watcher.py:_on_file_created():278] file/dir created: /home/dim/mdpi_robotics/LibMTL/wandb/run-20230330_185655-9ujusk1c/files/conda-environment.yaml
2023-03-30 18:56:57,416 INFO    Thread-13 :15610 [dir_watcher.py:_on_file_created():278] file/dir created: /home/dim/mdpi_robotics/LibMTL/wandb/run-20230330_185655-9ujusk1c/files/requirements.txt
2023-03-30 18:56:57,416 INFO    Thread-13 :15610 [dir_watcher.py:_on_file_created():278] file/dir created: /home/dim/mdpi_robotics/LibMTL/wandb/run-20230330_185655-9ujusk1c/files/wandb-summary.json
2023-03-30 18:56:57,973 DEBUG   HandlerThread:15610 [system_info.py:_save_conda():86] Saving conda packages done
2023-03-30 18:56:57,973 INFO    HandlerThread:15610 [system_monitor.py:probe():219] Finished publishing system info
2023-03-30 18:56:57,975 DEBUG   SenderThread:15610 [sender.py:send():336] send: files
2023-03-30 18:56:57,975 INFO    SenderThread:15610 [sender.py:_save_file():1332] saving file wandb-metadata.json with policy now
2023-03-30 18:56:57,979 DEBUG   HandlerThread:15610 [handler.py:handle_request():144] handle_request: stop_status
2023-03-30 18:56:57,979 DEBUG   SenderThread:15610 [sender.py:send_request():363] send_request: stop_status
2023-03-30 18:56:58,210 DEBUG   SenderThread:15610 [sender.py:send():336] send: telemetry
2023-03-30 18:56:58,415 INFO    Thread-13 :15610 [dir_watcher.py:_on_file_modified():295] file/dir modified: /home/dim/mdpi_robotics/LibMTL/wandb/run-20230330_185655-9ujusk1c/files/conda-environment.yaml
2023-03-30 18:56:58,415 INFO    Thread-13 :15610 [dir_watcher.py:_on_file_created():278] file/dir created: /home/dim/mdpi_robotics/LibMTL/wandb/run-20230330_185655-9ujusk1c/files/wandb-metadata.json
2023-03-30 18:56:58,642 ERROR   gpu       :15610 [interfaces.py:monitor():141] Failed to sample metric: Not Supported
2023-03-30 18:56:58,737 INFO    wandb-upload_0:15610 [upload_job.py:push():138] Uploaded file /tmp/tmpkusuencswandb/dpfk8jfo-wandb-metadata.json
2023-03-30 18:57:00,643 ERROR   gpu       :15610 [interfaces.py:monitor():141] Failed to sample metric: Not Supported
2023-03-30 18:57:01,211 DEBUG   HandlerThread:15610 [handler.py:handle_request():144] handle_request: status_report
2023-03-30 18:57:02,416 INFO    Thread-13 :15610 [dir_watcher.py:_on_file_created():278] file/dir created: /home/dim/mdpi_robotics/LibMTL/wandb/run-20230330_185655-9ujusk1c/files/output.log
2023-03-30 18:57:02,649 ERROR   gpu       :15610 [interfaces.py:monitor():141] Failed to sample metric: Not Supported
2023-03-30 18:57:04,088 DEBUG   HandlerThread:15610 [handler.py:handle_request():144] handle_request: partial_history
2023-03-30 18:57:04,417 INFO    Thread-13 :15610 [dir_watcher.py:_on_file_modified():295] file/dir modified: /home/dim/mdpi_robotics/LibMTL/wandb/run-20230330_185655-9ujusk1c/files/output.log
2023-03-30 18:57:04,651 ERROR   gpu       :15610 [interfaces.py:monitor():141] Failed to sample metric: Not Supported
2023-03-30 18:57:06,417 INFO    Thread-13 :15610 [dir_watcher.py:_on_file_modified():295] file/dir modified: /home/dim/mdpi_robotics/LibMTL/wandb/run-20230330_185655-9ujusk1c/files/output.log
2023-03-30 18:57:06,653 ERROR   gpu       :15610 [interfaces.py:monitor():141] Failed to sample metric: Not Supported
2023-03-30 18:57:07,091 DEBUG   HandlerThread:15610 [handler.py:handle_request():144] handle_request: status_report
2023-03-30 18:57:08,655 ERROR   gpu       :15610 [interfaces.py:monitor():141] Failed to sample metric: Not Supported
2023-03-30 18:57:10,657 ERROR   gpu       :15610 [interfaces.py:monitor():141] Failed to sample metric: Not Supported
2023-03-30 18:57:12,092 DEBUG   HandlerThread:15610 [handler.py:handle_request():144] handle_request: status_report
2023-03-30 18:57:12,659 ERROR   gpu       :15610 [interfaces.py:monitor():141] Failed to sample metric: Not Supported
2023-03-30 18:57:12,978 DEBUG   HandlerThread:15610 [handler.py:handle_request():144] handle_request: stop_status
2023-03-30 18:57:12,978 DEBUG   SenderThread:15610 [sender.py:send_request():363] send_request: stop_status
2023-03-30 18:57:14,117 DEBUG   HandlerThread:15610 [handler.py:handle_request():144] handle_request: poll_exit
2023-03-30 18:57:14,662 ERROR   gpu       :15610 [interfaces.py:monitor():141] Failed to sample metric: Not Supported
2023-03-30 18:57:16,334 INFO    SenderThread:15610 [retry.py:__call__():172] Retry attempt failed:
Traceback (most recent call last):
  File "/home/dim/anaconda3/envs/libmtl/lib/python3.8/site-packages/urllib3/connection.py", line 174, in _new_conn
    conn = connection.create_connection(
  File "/home/dim/anaconda3/envs/libmtl/lib/python3.8/site-packages/urllib3/util/connection.py", line 72, in create_connection
    for res in socket.getaddrinfo(host, port, family, socket.SOCK_STREAM):
  File "/home/dim/anaconda3/envs/libmtl/lib/python3.8/socket.py", line 918, in getaddrinfo
    for res in _socket.getaddrinfo(host, port, family, type, proto, flags):
socket.gaierror: [Errno -3] Temporary failure in name resolution

During handling of the above exception, another exception occurred:

Traceback (most recent call last):
  File "/home/dim/anaconda3/envs/libmtl/lib/python3.8/site-packages/urllib3/connectionpool.py", line 703, in urlopen
    httplib_response = self._make_request(
  File "/home/dim/anaconda3/envs/libmtl/lib/python3.8/site-packages/urllib3/connectionpool.py", line 386, in _make_request
    self._validate_conn(conn)
  File "/home/dim/anaconda3/envs/libmtl/lib/python3.8/site-packages/urllib3/connectionpool.py", line 1042, in _validate_conn
    conn.connect()
  File "/home/dim/anaconda3/envs/libmtl/lib/python3.8/site-packages/urllib3/connection.py", line 363, in connect
    self.sock = conn = self._new_conn()
  File "/home/dim/anaconda3/envs/libmtl/lib/python3.8/site-packages/urllib3/connection.py", line 186, in _new_conn
    raise NewConnectionError(
urllib3.exceptions.NewConnectionError: <urllib3.connection.HTTPSConnection object at 0x7f8d01f580d0>: Failed to establish a new connection: [Errno -3] Temporary failure in name resolution

During handling of the above exception, another exception occurred:

Traceback (most recent call last):
  File "/home/dim/.local/lib/python3.8/site-packages/requests/adapters.py", line 489, in send
    resp = conn.urlopen(
  File "/home/dim/anaconda3/envs/libmtl/lib/python3.8/site-packages/urllib3/connectionpool.py", line 787, in urlopen
    retries = retries.increment(
  File "/home/dim/anaconda3/envs/libmtl/lib/python3.8/site-packages/urllib3/util/retry.py", line 592, in increment
    raise MaxRetryError(_pool, url, error or ResponseError(cause))
urllib3.exceptions.MaxRetryError: HTTPSConnectionPool(host='api.wandb.ai', port=443): Max retries exceeded with url: /graphql (Caused by NewConnectionError('<urllib3.connection.HTTPSConnection object at 0x7f8d01f580d0>: Failed to establish a new connection: [Errno -3] Temporary failure in name resolution'))

During handling of the above exception, another exception occurred:

Traceback (most recent call last):
  File "/home/dim/anaconda3/envs/libmtl/lib/python3.8/site-packages/wandb/sdk/lib/retry.py", line 131, in __call__
    result = self._call_fn(*args, **kwargs)
  File "/home/dim/anaconda3/envs/libmtl/lib/python3.8/site-packages/wandb/sdk/internal/internal_api.py", line 243, in execute
    return self.client.execute(*args, **kwargs)  # type: ignore
  File "/home/dim/anaconda3/envs/libmtl/lib/python3.8/site-packages/wandb/vendor/gql-0.2.0/wandb_gql/client.py", line 52, in execute
    result = self._get_result(document, *args, **kwargs)
  File "/home/dim/anaconda3/envs/libmtl/lib/python3.8/site-packages/wandb/vendor/gql-0.2.0/wandb_gql/client.py", line 60, in _get_result
    return self.transport.execute(document, *args, **kwargs)
  File "/home/dim/anaconda3/envs/libmtl/lib/python3.8/site-packages/wandb/vendor/gql-0.2.0/wandb_gql/transport/requests.py", line 38, in execute
    request = requests.post(self.url, **post_args)
  File "/home/dim/.local/lib/python3.8/site-packages/requests/api.py", line 115, in post
    return request("post", url, data=data, json=json, **kwargs)
  File "/home/dim/.local/lib/python3.8/site-packages/requests/api.py", line 59, in request
    return session.request(method=method, url=url, **kwargs)
  File "/home/dim/.local/lib/python3.8/site-packages/requests/sessions.py", line 587, in request
    resp = self.send(prep, **send_kwargs)
  File "/home/dim/.local/lib/python3.8/site-packages/requests/sessions.py", line 701, in send
    r = adapter.send(request, **kwargs)
  File "/home/dim/.local/lib/python3.8/site-packages/requests/adapters.py", line 565, in send
    raise ConnectionError(e, request=request)
requests.exceptions.ConnectionError: HTTPSConnectionPool(host='api.wandb.ai', port=443): Max retries exceeded with url: /graphql (Caused by NewConnectionError('<urllib3.connection.HTTPSConnection object at 0x7f8d01f580d0>: Failed to establish a new connection: [Errno -3] Temporary failure in name resolution'))
2023-03-30 18:57:16,665 ERROR   gpu       :15610 [interfaces.py:monitor():141] Failed to sample metric: Not Supported
2023-03-30 18:57:18,668 ERROR   gpu       :15610 [interfaces.py:monitor():141] Failed to sample metric: Not Supported
2023-03-30 18:57:19,119 DEBUG   HandlerThread:15610 [handler.py:handle_request():144] handle_request: keepalive
2023-03-30 18:57:20,673 ERROR   gpu       :15610 [interfaces.py:monitor():141] Failed to sample metric: Not Supported
2023-03-30 18:57:21,856 DEBUG   SenderThread:15610 [sender.py:send():336] send: exit
2023-03-30 18:57:21,856 INFO    SenderThread:15610 [sender.py:send_exit():559] handling exit code: 255
2023-03-30 18:57:21,857 DEBUG   HandlerThread:15610 [handler.py:handle_request():144] handle_request: status_report
2023-03-30 18:57:21,857 INFO    SenderThread:15610 [sender.py:send_exit():561] handling runtime: 16
2023-03-30 18:57:21,858 INFO    SenderThread:15610 [sender.py:_save_file():1332] saving file wandb-summary.json with policy end
2023-03-30 18:57:21,858 INFO    SenderThread:15610 [sender.py:send_exit():567] send defer
2023-03-30 18:57:21,858 DEBUG   SenderThread:15610 [sender.py:send_request():363] send_request: poll_exit
2023-03-30 18:57:21,858 DEBUG   HandlerThread:15610 [handler.py:handle_request():144] handle_request: defer
2023-03-30 18:57:21,859 INFO    HandlerThread:15610 [handler.py:handle_request_defer():170] handle defer: 0
2023-03-30 18:57:21,859 DEBUG   SenderThread:15610 [sender.py:send_request():363] send_request: defer
2023-03-30 18:57:21,859 INFO    SenderThread:15610 [sender.py:send_request_defer():583] handle sender defer: 0
2023-03-30 18:57:21,859 INFO    SenderThread:15610 [sender.py:transition_state():587] send defer: 1
2023-03-30 18:57:21,859 DEBUG   HandlerThread:15610 [handler.py:handle_request():144] handle_request: defer
2023-03-30 18:57:21,859 INFO    HandlerThread:15610 [handler.py:handle_request_defer():170] handle defer: 1
2023-03-30 18:57:21,859 DEBUG   SenderThread:15610 [sender.py:send_request():363] send_request: defer
2023-03-30 18:57:21,859 INFO    SenderThread:15610 [sender.py:send_request_defer():583] handle sender defer: 1
2023-03-30 18:57:21,859 INFO    SenderThread:15610 [sender.py:transition_state():587] send defer: 2
2023-03-30 18:57:21,859 DEBUG   HandlerThread:15610 [handler.py:handle_request():144] handle_request: defer
2023-03-30 18:57:21,859 INFO    HandlerThread:15610 [handler.py:handle_request_defer():170] handle defer: 2
2023-03-30 18:57:21,859 INFO    HandlerThread:15610 [system_monitor.py:finish():193] Stopping system monitor
2023-03-30 18:57:21,859 DEBUG   SystemMonitor:15610 [system_monitor.py:_start():161] Starting system metrics aggregation loop
2023-03-30 18:57:21,860 INFO    HandlerThread:15610 [interfaces.py:finish():199] Joined cpu monitor
2023-03-30 18:57:21,860 DEBUG   SystemMonitor:15610 [system_monitor.py:_start():168] Finished system metrics aggregation loop
2023-03-30 18:57:21,860 DEBUG   SystemMonitor:15610 [system_monitor.py:_start():172] Publishing last batch of metrics
2023-03-30 18:57:21,861 INFO    HandlerThread:15610 [interfaces.py:finish():199] Joined disk monitor
2023-03-30 18:57:21,896 INFO    HandlerThread:15610 [interfaces.py:finish():199] Joined gpu monitor
2023-03-30 18:57:21,896 INFO    HandlerThread:15610 [interfaces.py:finish():199] Joined memory monitor
2023-03-30 18:57:21,897 INFO    HandlerThread:15610 [interfaces.py:finish():199] Joined network monitor
2023-03-30 18:57:21,897 DEBUG   SenderThread:15610 [sender.py:send_request():363] send_request: defer
2023-03-30 18:57:21,897 INFO    SenderThread:15610 [sender.py:send_request_defer():583] handle sender defer: 2
2023-03-30 18:57:21,897 INFO    SenderThread:15610 [sender.py:transition_state():587] send defer: 3
2023-03-30 18:57:21,897 DEBUG   SenderThread:15610 [sender.py:send():336] send: stats
2023-03-30 18:57:21,897 DEBUG   HandlerThread:15610 [handler.py:handle_request():144] handle_request: defer
2023-03-30 18:57:21,897 INFO    HandlerThread:15610 [handler.py:handle_request_defer():170] handle defer: 3
2023-03-30 18:57:21,898 DEBUG   SenderThread:15610 [sender.py:send():336] send: history
2023-03-30 18:57:21,898 DEBUG   SenderThread:15610 [sender.py:send_request():363] send_request: summary_record
2023-03-30 18:57:21,898 INFO    SenderThread:15610 [sender.py:_save_file():1332] saving file wandb-summary.json with policy end
2023-03-30 18:57:21,898 DEBUG   SenderThread:15610 [sender.py:send_request():363] send_request: defer
2023-03-30 18:57:21,898 INFO    SenderThread:15610 [sender.py:send_request_defer():583] handle sender defer: 3
2023-03-30 18:57:21,898 INFO    SenderThread:15610 [sender.py:transition_state():587] send defer: 4
2023-03-30 18:57:21,899 DEBUG   HandlerThread:15610 [handler.py:handle_request():144] handle_request: defer
2023-03-30 18:57:21,899 INFO    HandlerThread:15610 [handler.py:handle_request_defer():170] handle defer: 4
2023-03-30 18:57:21,899 DEBUG   SenderThread:15610 [sender.py:send_request():363] send_request: defer
2023-03-30 18:57:21,899 INFO    SenderThread:15610 [sender.py:send_request_defer():583] handle sender defer: 4
2023-03-30 18:57:21,899 INFO    SenderThread:15610 [sender.py:transition_state():587] send defer: 5
2023-03-30 18:57:21,899 DEBUG   HandlerThread:15610 [handler.py:handle_request():144] handle_request: defer
2023-03-30 18:57:21,899 INFO    HandlerThread:15610 [handler.py:handle_request_defer():170] handle defer: 5
2023-03-30 18:57:21,899 DEBUG   SenderThread:15610 [sender.py:send():336] send: summary
2023-03-30 18:57:21,899 INFO    SenderThread:15610 [sender.py:_save_file():1332] saving file wandb-summary.json with policy end
2023-03-30 18:57:21,899 DEBUG   SenderThread:15610 [sender.py:send_request():363] send_request: defer
2023-03-30 18:57:21,899 INFO    SenderThread:15610 [sender.py:send_request_defer():583] handle sender defer: 5
2023-03-30 18:57:21,899 INFO    SenderThread:15610 [sender.py:transition_state():587] send defer: 6
2023-03-30 18:57:21,899 DEBUG   HandlerThread:15610 [handler.py:handle_request():144] handle_request: defer
2023-03-30 18:57:21,899 INFO    HandlerThread:15610 [handler.py:handle_request_defer():170] handle defer: 6
2023-03-30 18:57:21,900 DEBUG   SenderThread:15610 [sender.py:send_request():363] send_request: defer
2023-03-30 18:57:21,900 INFO    SenderThread:15610 [sender.py:send_request_defer():583] handle sender defer: 6
2023-03-30 18:57:21,902 DEBUG   HandlerThread:15610 [handler.py:handle_request():144] handle_request: status_report
2023-03-30 18:57:22,424 INFO    Thread-13 :15610 [dir_watcher.py:_on_file_modified():295] file/dir modified: /home/dim/mdpi_robotics/LibMTL/wandb/run-20230330_185655-9ujusk1c/files/output.log
2023-03-30 18:57:22,424 INFO    Thread-13 :15610 [dir_watcher.py:_on_file_modified():295] file/dir modified: /home/dim/mdpi_robotics/LibMTL/wandb/run-20230330_185655-9ujusk1c/files/wandb-summary.json
2023-03-30 18:57:22,441 INFO    SenderThread:15610 [sender.py:transition_state():587] send defer: 7
2023-03-30 18:57:22,441 DEBUG   HandlerThread:15610 [handler.py:handle_request():144] handle_request: defer
2023-03-30 18:57:22,441 INFO    HandlerThread:15610 [handler.py:handle_request_defer():170] handle defer: 7
2023-03-30 18:57:22,441 DEBUG   SenderThread:15610 [sender.py:send_request():363] send_request: defer
2023-03-30 18:57:22,442 INFO    SenderThread:15610 [sender.py:send_request_defer():583] handle sender defer: 7
2023-03-30 18:57:23,424 INFO    Thread-13 :15610 [dir_watcher.py:_on_file_modified():295] file/dir modified: /home/dim/mdpi_robotics/LibMTL/wandb/run-20230330_185655-9ujusk1c/files/config.yaml
2023-03-30 18:57:24,121 DEBUG   HandlerThread:15610 [handler.py:handle_request():144] handle_request: keepalive
2023-03-30 18:57:24,386 INFO    SenderThread:15610 [sender.py:transition_state():587] send defer: 8
2023-03-30 18:57:24,387 DEBUG   HandlerThread:15610 [handler.py:handle_request():144] handle_request: defer
2023-03-30 18:57:24,387 INFO    HandlerThread:15610 [handler.py:handle_request_defer():170] handle defer: 8
2023-03-30 18:57:24,387 DEBUG   SenderThread:15610 [sender.py:send_request():363] send_request: defer
2023-03-30 18:57:24,387 INFO    SenderThread:15610 [sender.py:send_request_defer():583] handle sender defer: 8
2023-03-30 18:57:24,404 INFO    SenderThread:15610 [sender.py:transition_state():587] send defer: 9
2023-03-30 18:57:24,404 DEBUG   HandlerThread:15610 [handler.py:handle_request():144] handle_request: defer
2023-03-30 18:57:24,404 DEBUG   SenderThread:15610 [sender.py:send():336] send: artifact
2023-03-30 18:57:24,404 INFO    HandlerThread:15610 [handler.py:handle_request_defer():170] handle defer: 9
2023-03-30 18:57:24,424 INFO    Thread-13 :15610 [dir_watcher.py:_on_file_modified():295] file/dir modified: /home/dim/mdpi_robotics/LibMTL/wandb/run-20230330_185655-9ujusk1c/files/output.log
2023-03-30 18:57:26,489 INFO    SenderThread:15610 [sender.py:send_artifact():1428] sent artifact job-https___github.com_dimarapis_LibMTL.git_examples_warehouseSIM_train_warehouseSIM.py - {'id': 'QXJ0aWZhY3Q6NDEwMTA3MTk3', 'digest': '67b68893c0b872f9159789c54931da42', 'state': 'COMMITTED', 'aliases': [{'artifactCollectionName': 'job-https___github.com_dimarapis_LibMTL.git_examples_warehouseSIM_train_warehouseSIM.py', 'alias': 'latest'}, {'artifactCollectionName': 'job-https___github.com_dimarapis_LibMTL.git_examples_warehouseSIM_train_warehouseSIM.py', 'alias': 'v3'}], 'artifactSequence': {'id': 'QXJ0aWZhY3RDb2xsZWN0aW9uOjU5NTMwMTgz', 'latestArtifact': {'id': 'QXJ0aWZhY3Q6NDEwMTA3MTk3', 'versionIndex': 3}}, 'version': 'v3'}
2023-03-30 18:57:26,490 DEBUG   SenderThread:15610 [sender.py:send_request():363] send_request: defer
2023-03-30 18:57:26,490 INFO    SenderThread:15610 [sender.py:send_request_defer():583] handle sender defer: 9
2023-03-30 18:57:26,490 INFO    SenderThread:15610 [dir_watcher.py:finish():365] shutting down directory watcher
2023-03-30 18:57:27,425 INFO    SenderThread:15610 [dir_watcher.py:finish():395] scan: /home/dim/mdpi_robotics/LibMTL/wandb/run-20230330_185655-9ujusk1c/files
2023-03-30 18:57:27,426 INFO    SenderThread:15610 [dir_watcher.py:finish():409] scan save: /home/dim/mdpi_robotics/LibMTL/wandb/run-20230330_185655-9ujusk1c/files/wandb-metadata.json wandb-metadata.json
2023-03-30 18:57:27,426 INFO    SenderThread:15610 [dir_watcher.py:finish():409] scan save: /home/dim/mdpi_robotics/LibMTL/wandb/run-20230330_185655-9ujusk1c/files/config.yaml config.yaml
2023-03-30 18:57:27,426 INFO    SenderThread:15610 [dir_watcher.py:finish():409] scan save: /home/dim/mdpi_robotics/LibMTL/wandb/run-20230330_185655-9ujusk1c/files/conda-environment.yaml conda-environment.yaml
2023-03-30 18:57:27,426 INFO    SenderThread:15610 [dir_watcher.py:finish():409] scan save: /home/dim/mdpi_robotics/LibMTL/wandb/run-20230330_185655-9ujusk1c/files/wandb-summary.json wandb-summary.json
2023-03-30 18:57:27,428 INFO    SenderThread:15610 [dir_watcher.py:finish():409] scan save: /home/dim/mdpi_robotics/LibMTL/wandb/run-20230330_185655-9ujusk1c/files/requirements.txt requirements.txt
2023-03-30 18:57:27,428 INFO    SenderThread:15610 [dir_watcher.py:finish():409] scan save: /home/dim/mdpi_robotics/LibMTL/wandb/run-20230330_185655-9ujusk1c/files/output.log output.log
2023-03-30 18:57:27,428 INFO    SenderThread:15610 [sender.py:transition_state():587] send defer: 10
2023-03-30 18:57:27,428 DEBUG   HandlerThread:15610 [handler.py:handle_request():144] handle_request: defer
2023-03-30 18:57:27,428 INFO    HandlerThread:15610 [handler.py:handle_request_defer():170] handle defer: 10
2023-03-30 18:57:27,428 DEBUG   HandlerThread:15610 [handler.py:handle_request():144] handle_request: status_report
2023-03-30 18:57:27,433 DEBUG   SenderThread:15610 [sender.py:send_request():363] send_request: defer
2023-03-30 18:57:27,434 INFO    SenderThread:15610 [sender.py:send_request_defer():583] handle sender defer: 10
2023-03-30 18:57:27,434 INFO    SenderThread:15610 [file_pusher.py:finish():164] shutting down file pusher
2023-03-30 18:57:28,045 INFO    wandb-upload_3:15610 [upload_job.py:push():138] Uploaded file /home/dim/mdpi_robotics/LibMTL/wandb/run-20230330_185655-9ujusk1c/files/requirements.txt
2023-03-30 18:57:28,086 INFO    wandb-upload_0:15610 [upload_job.py:push():138] Uploaded file /home/dim/mdpi_robotics/LibMTL/wandb/run-20230330_185655-9ujusk1c/files/config.yaml
2023-03-30 18:57:28,249 INFO    wandb-upload_1:15610 [upload_job.py:push():138] Uploaded file /home/dim/mdpi_robotics/LibMTL/wandb/run-20230330_185655-9ujusk1c/files/conda-environment.yaml
2023-03-30 18:57:28,384 INFO    wandb-upload_4:15610 [upload_job.py:push():138] Uploaded file /home/dim/mdpi_robotics/LibMTL/wandb/run-20230330_185655-9ujusk1c/files/output.log
2023-03-30 18:57:28,386 INFO    wandb-upload_2:15610 [upload_job.py:push():138] Uploaded file /home/dim/mdpi_robotics/LibMTL/wandb/run-20230330_185655-9ujusk1c/files/wandb-summary.json
2023-03-30 18:57:28,587 INFO    Thread-12 :15610 [sender.py:transition_state():587] send defer: 11
2023-03-30 18:57:28,587 DEBUG   HandlerThread:15610 [handler.py:handle_request():144] handle_request: defer
2023-03-30 18:57:28,587 INFO    HandlerThread:15610 [handler.py:handle_request_defer():170] handle defer: 11
2023-03-30 18:57:28,587 DEBUG   SenderThread:15610 [sender.py:send_request():363] send_request: defer
2023-03-30 18:57:28,587 INFO    SenderThread:15610 [sender.py:send_request_defer():583] handle sender defer: 11
2023-03-30 18:57:28,587 INFO    SenderThread:15610 [file_pusher.py:join():169] waiting for file pusher
2023-03-30 18:57:28,587 INFO    SenderThread:15610 [sender.py:transition_state():587] send defer: 12
2023-03-30 18:57:28,587 DEBUG   HandlerThread:15610 [handler.py:handle_request():144] handle_request: defer
2023-03-30 18:57:28,587 INFO    HandlerThread:15610 [handler.py:handle_request_defer():170] handle defer: 12
2023-03-30 18:57:28,587 DEBUG   SenderThread:15610 [sender.py:send_request():363] send_request: defer
2023-03-30 18:57:28,587 INFO    SenderThread:15610 [sender.py:send_request_defer():583] handle sender defer: 12
2023-03-30 18:57:28,810 INFO    SenderThread:15610 [sender.py:transition_state():587] send defer: 13
2023-03-30 18:57:28,811 DEBUG   HandlerThread:15610 [handler.py:handle_request():144] handle_request: defer
2023-03-30 18:57:28,811 INFO    HandlerThread:15610 [handler.py:handle_request_defer():170] handle defer: 13
2023-03-30 18:57:28,811 DEBUG   SenderThread:15610 [sender.py:send_request():363] send_request: defer
2023-03-30 18:57:28,811 INFO    SenderThread:15610 [sender.py:send_request_defer():583] handle sender defer: 13
2023-03-30 18:57:28,811 INFO    SenderThread:15610 [sender.py:transition_state():587] send defer: 14
2023-03-30 18:57:28,811 DEBUG   HandlerThread:15610 [handler.py:handle_request():144] handle_request: defer
2023-03-30 18:57:28,811 DEBUG   SenderThread:15610 [sender.py:send():336] send: final
2023-03-30 18:57:28,811 INFO    HandlerThread:15610 [handler.py:handle_request_defer():170] handle defer: 14
2023-03-30 18:57:28,812 DEBUG   SenderThread:15610 [sender.py:send():336] send: footer
2023-03-30 18:57:28,812 DEBUG   SenderThread:15610 [sender.py:send_request():363] send_request: defer
2023-03-30 18:57:28,812 INFO    SenderThread:15610 [sender.py:send_request_defer():583] handle sender defer: 14
2023-03-30 18:57:28,812 DEBUG   HandlerThread:15610 [handler.py:handle_request():144] handle_request: poll_exit
2023-03-30 18:57:28,812 DEBUG   HandlerThread:15610 [handler.py:handle_request():144] handle_request: server_info
2023-03-30 18:57:28,812 DEBUG   HandlerThread:15610 [handler.py:handle_request():144] handle_request: get_summary
2023-03-30 18:57:28,813 DEBUG   SenderThread:15610 [sender.py:send_request():363] send_request: poll_exit
2023-03-30 18:57:28,813 DEBUG   SenderThread:15610 [sender.py:send_request():363] send_request: server_info
2023-03-30 18:57:28,813 DEBUG   HandlerThread:15610 [handler.py:handle_request():144] handle_request: sampled_history
2023-03-30 18:57:29,079 INFO    MainThread:15610 [wandb_run.py:_footer_history_summary_info():3422] rendering history
2023-03-30 18:57:29,079 INFO    MainThread:15610 [wandb_run.py:_footer_history_summary_info():3454] rendering summary
2023-03-30 18:57:29,079 INFO    MainThread:15610 [wandb_run.py:_footer_sync_info():3380] logging synced files
2023-03-30 18:57:29,079 DEBUG   HandlerThread:15610 [handler.py:handle_request():144] handle_request: shutdown
2023-03-30 18:57:29,079 INFO    HandlerThread:15610 [handler.py:finish():842] shutting down handler
2023-03-30 18:57:29,813 INFO    WriterThread:15610 [datastore.py:close():298] close: /home/dim/mdpi_robotics/LibMTL/wandb/run-20230330_185655-9ujusk1c/run-9ujusk1c.wandb
2023-03-30 18:57:30,079 INFO    SenderThread:15610 [sender.py:finish():1504] shutting down sender
2023-03-30 18:57:30,079 INFO    SenderThread:15610 [file_pusher.py:finish():164] shutting down file pusher
2023-03-30 18:57:30,079 INFO    SenderThread:15610 [file_pusher.py:join():169] waiting for file pusher
